<?xml version="1.0" encoding="UTF-8"?>
<!-- Generated by org.testng.reporters.JUnitXMLReporter -->
<testsuite ignored="0" hostname="DESKTOP-6KBJ43O" failures="1" tests="2" name="LoginTest" time="0.18" errors="0" timestamp="2023-06-06T14:26:56 IST">
  <testcase classname="Listeners.LoginTest" name="LoginByEmail" time="0.031"/>
  <testcase classname="Listeners.LoginTest" name="loginByFacebook" time="0.002">
    <failure type="java.lang.AssertionError" message="expected:&amp;lt;pavan&amp;gt; but was:&amp;lt;kumar&amp;gt;">
      <![CDATA[java.lang.AssertionError: expected:<pavan> but was:<kumar>
at Listeners.LoginTest.loginByFacebook(LoginTest.java:26)
at java.base/java.util.ArrayList.forEach(ArrayList.java:1511)
... Removed 29 stack frames]]>
    </failure>
  </testcase> <!-- loginByFacebook -->
</testsuite> <!-- LoginTest -->
