<?xml version="1.0" encoding="UTF-8"?>
<!-- Generated by org.testng.reporters.JUnitXMLReporter -->
<testsuite ignored="6" hostname="DESKTOP-6KBJ43O" failures="1" tests="3" name="Regresion testing" time="0.108" errors="0" timestamp="2023-06-04T19:07:28 IST">
  <testcase classname="TestNGConcepts.Demo" name="secondTest" time="0.0">
    <failure type="org.testng.TestNGException" message="
Parameter &amp;apos;URL&amp;apos; is required by @Test on method secondTest but has not been marked @Optional or defined
in C:\seleniumwebdriverpracticeprograms\selenium\testng3.xml">
      <![CDATA[org.testng.TestNGException: 
Parameter 'URL' is required by @Test on method secondTest but has not been marked @Optional or defined
in C:\seleniumwebdriverpracticeprograms\selenium\testng3.xml
at java.base/java.util.ArrayList.forEach(ArrayList.java:1511)
... Removed 26 stack frames]]>
    </failure>
  </testcase> <!-- secondTest -->
  <testcase classname="TestNGConcepts.Demo2" name="p1Loan" time="0.012"/>
  <testcase classname="TestNGConcepts.Demo3" name="ApiCarLoan" time="0.001"/>
  <testcase classname="TestNGConcepts.Demo3" name="mobileloginCarLoan" time="0.0">
    <ignored/>
  </testcase> <!-- mobileloginCarLoan -->
  <testcase classname="TestNGConcepts.Demo" name="firstTest" time="0.0">
    <ignored/>
  </testcase> <!-- firstTest -->
  <testcase classname="TestNGConcepts.Demo3" name="mobilesigninCarLoan" time="0.0">
    <ignored/>
  </testcase> <!-- mobilesigninCarLoan -->
  <testcase classname="TestNGConcepts.Demo2" name="pLoan" time="0.0">
    <ignored/>
  </testcase> <!-- pLoan -->
  <testcase classname="TestNGConcepts.Demo3" name="webloginCarLoan" time="0.0">
    <ignored/>
  </testcase> <!-- webloginCarLoan -->
  <testcase classname="TestNGConcepts.Demo3" name="mobilesignoutCarLoan" time="0.0">
    <ignored/>
  </testcase> <!-- mobilesignoutCarLoan -->
</testsuite> <!-- Regresion testing -->
